c:\users\me\pbrt\src\ext\ptex\src\ptex\ptex_dynamic.dir\release\ptexwriter.obj
c:\users\me\pbrt\src\ext\ptex\src\ptex\ptex_dynamic.dir\release\ptexutils.obj
c:\users\me\pbrt\src\ext\ptex\src\ptex\ptex_dynamic.dir\release\ptextrianglekernel.obj
c:\users\me\pbrt\src\ext\ptex\src\ptex\ptex_dynamic.dir\release\ptextrianglefilter.obj
c:\users\me\pbrt\src\ext\ptex\src\ptex\ptex_dynamic.dir\release\ptexseparablekernel.obj
c:\users\me\pbrt\src\ext\ptex\src\ptex\ptex_dynamic.dir\release\ptexseparablefilter.obj
c:\users\me\pbrt\src\ext\ptex\src\ptex\ptex_dynamic.dir\release\ptexreader.obj
c:\users\me\pbrt\src\ext\ptex\src\ptex\ptex_dynamic.dir\release\ptexhalf.obj
c:\users\me\pbrt\src\ext\ptex\src\ptex\ptex_dynamic.dir\release\ptexfilters.obj
c:\users\me\pbrt\src\ext\ptex\src\ptex\ptex_dynamic.dir\release\ptexcache.obj
c:\users\me\pbrt\src\ext\ptex\src\ptex\cmakefiles\generate.stamp
c:\users\me\pbrt\src\ext\ptex\src\ptex\release\ptex.dll
c:\users\me\pbrt\src\ext\ptex\src\ptex\ptex_dynamic.dir\release\ptex_dynamic.tlog\cl.command.1.tlog
c:\users\me\pbrt\src\ext\ptex\src\ptex\ptex_dynamic.dir\release\ptex_dynamic.tlog\cl.read.1.tlog
c:\users\me\pbrt\src\ext\ptex\src\ptex\ptex_dynamic.dir\release\ptex_dynamic.tlog\cl.write.1.tlog
c:\users\me\pbrt\src\ext\ptex\src\ptex\ptex_dynamic.dir\release\ptex_dynamic.tlog\custombuild.command.1.tlog
c:\users\me\pbrt\src\ext\ptex\src\ptex\ptex_dynamic.dir\release\ptex_dynamic.tlog\custombuild.read.1.tlog
c:\users\me\pbrt\src\ext\ptex\src\ptex\ptex_dynamic.dir\release\ptex_dynamic.tlog\custombuild.write.1.tlog
c:\users\me\pbrt\src\ext\ptex\src\ptex\ptex_dynamic.dir\release\ptex_dynamic.tlog\link.command.1.tlog
c:\users\me\pbrt\src\ext\ptex\src\ptex\ptex_dynamic.dir\release\ptex_dynamic.tlog\link.read.1.tlog
c:\users\me\pbrt\src\ext\ptex\src\ptex\ptex_dynamic.dir\release\ptex_dynamic.tlog\link.write.1.tlog
c:\users\me\pbrt\src\ext\ptex\src\ptex\ptex_dynamic.dir\release\ptex_dynamic.tlog\ptex_dynamic.write.1u.tlog
