c:\users\me\pbrt\src\ext\openexr\ilmbase\imath\imath.dir\debug\imath.pdb
c:\users\me\pbrt\src\ext\openexr\ilmbase\imath\imath.dir\debug\imathmatrixalgo.obj
c:\users\me\pbrt\src\ext\openexr\ilmbase\imath\imath.dir\debug\imathvec.obj
c:\users\me\pbrt\src\ext\openexr\ilmbase\imath\imath.dir\debug\imathfun.obj
c:\users\me\pbrt\src\ext\openexr\ilmbase\imath\imath.dir\debug\imathshear.obj
c:\users\me\pbrt\src\ext\openexr\ilmbase\imath\imath.dir\debug\imathcoloralgo.obj
c:\users\me\pbrt\src\ext\openexr\ilmbase\imath\imath.dir\debug\imathrandom.obj
c:\users\me\pbrt\src\ext\openexr\ilmbase\imath\imath.dir\debug\imathbox.obj
c:\users\me\pbrt\src\ext\openexr\ilmbase\imath\cmakefiles\generate.stamp
c:\users\me\pbrt\src\ext\openexr\ilmbase\imath\debug\imath.lib
c:\users\me\pbrt\src\ext\openexr\ilmbase\imath\debug\imath.pdb
c:\users\me\pbrt\src\ext\openexr\ilmbase\imath\imath.dir\debug\imath.tlog\cl.command.1.tlog
c:\users\me\pbrt\src\ext\openexr\ilmbase\imath\imath.dir\debug\imath.tlog\cl.read.1.tlog
c:\users\me\pbrt\src\ext\openexr\ilmbase\imath\imath.dir\debug\imath.tlog\cl.write.1.tlog
c:\users\me\pbrt\src\ext\openexr\ilmbase\imath\imath.dir\debug\imath.tlog\custombuild.command.1.tlog
c:\users\me\pbrt\src\ext\openexr\ilmbase\imath\imath.dir\debug\imath.tlog\custombuild.read.1.tlog
c:\users\me\pbrt\src\ext\openexr\ilmbase\imath\imath.dir\debug\imath.tlog\custombuild.write.1.tlog
c:\users\me\pbrt\src\ext\openexr\ilmbase\imath\imath.dir\debug\imath.tlog\lib-link.read.1.tlog
c:\users\me\pbrt\src\ext\openexr\ilmbase\imath\imath.dir\debug\imath.tlog\lib-link.write.1.tlog
c:\users\me\pbrt\src\ext\openexr\ilmbase\imath\imath.dir\debug\imath.tlog\lib.command.1.tlog
