c:\users\me\pbrt\src\ext\ptex\src\ptex\ptex_static.dir\debug\ptex_static.pdb
c:\users\me\pbrt\src\ext\ptex\src\ptex\ptex_static.dir\debug\ptexwriter.obj
c:\users\me\pbrt\src\ext\ptex\src\ptex\ptex_static.dir\debug\ptexutils.obj
c:\users\me\pbrt\src\ext\ptex\src\ptex\ptex_static.dir\debug\ptextrianglekernel.obj
c:\users\me\pbrt\src\ext\ptex\src\ptex\ptex_static.dir\debug\ptextrianglefilter.obj
c:\users\me\pbrt\src\ext\ptex\src\ptex\ptex_static.dir\debug\ptexseparablekernel.obj
c:\users\me\pbrt\src\ext\ptex\src\ptex\ptex_static.dir\debug\ptexseparablefilter.obj
c:\users\me\pbrt\src\ext\ptex\src\ptex\ptex_static.dir\debug\ptexreader.obj
c:\users\me\pbrt\src\ext\ptex\src\ptex\ptex_static.dir\debug\ptexhalf.obj
c:\users\me\pbrt\src\ext\ptex\src\ptex\ptex_static.dir\debug\ptexfilters.obj
c:\users\me\pbrt\src\ext\ptex\src\ptex\ptex_static.dir\debug\ptexcache.obj
c:\users\me\pbrt\src\ext\ptex\src\ptex\cmakefiles\generate.stamp
c:\users\me\pbrt\src\ext\ptex\src\ptex\debug\ptex.lib
c:\users\me\pbrt\src\ext\ptex\src\ptex\debug\ptex.pdb
c:\users\me\pbrt\src\ext\ptex\src\ptex\debug\ptex.ilk
c:\users\me\pbrt\src\ext\ptex\src\ptex\ptex_static.dir\debug\ptex_static.tlog\cl.command.1.tlog
c:\users\me\pbrt\src\ext\ptex\src\ptex\ptex_static.dir\debug\ptex_static.tlog\cl.read.1.tlog
c:\users\me\pbrt\src\ext\ptex\src\ptex\ptex_static.dir\debug\ptex_static.tlog\cl.write.1.tlog
c:\users\me\pbrt\src\ext\ptex\src\ptex\ptex_static.dir\debug\ptex_static.tlog\custombuild.command.1.tlog
c:\users\me\pbrt\src\ext\ptex\src\ptex\ptex_static.dir\debug\ptex_static.tlog\custombuild.read.1.tlog
c:\users\me\pbrt\src\ext\ptex\src\ptex\ptex_static.dir\debug\ptex_static.tlog\custombuild.write.1.tlog
c:\users\me\pbrt\src\ext\ptex\src\ptex\ptex_static.dir\debug\ptex_static.tlog\lib-link.read.1.tlog
c:\users\me\pbrt\src\ext\ptex\src\ptex\ptex_static.dir\debug\ptex_static.tlog\lib-link.write.1.tlog
c:\users\me\pbrt\src\ext\ptex\src\ptex\ptex_static.dir\debug\ptex_static.tlog\lib.command.1.tlog
