c:\users\me\pbrt\src\ext\openexr\ilmbase\ilmthread\ilmthread.dir\release\ilmthreadwin32.obj
c:\users\me\pbrt\src\ext\openexr\ilmbase\ilmthread\ilmthread.dir\release\ilmthreadsemaphorewin32.obj
c:\users\me\pbrt\src\ext\openexr\ilmbase\ilmthread\ilmthread.dir\release\ilmthreadmutexwin32.obj
c:\users\me\pbrt\src\ext\openexr\ilmbase\ilmthread\ilmthread.dir\release\ilmthreadsemaphoreposix.obj
c:\users\me\pbrt\src\ext\openexr\ilmbase\ilmthread\ilmthread.dir\release\ilmthreadsemaphoreposixcompat.obj
c:\users\me\pbrt\src\ext\openexr\ilmbase\ilmthread\ilmthread.dir\release\ilmthreadsemaphore.obj
c:\users\me\pbrt\src\ext\openexr\ilmbase\ilmthread\ilmthread.dir\release\ilmthreadposix.obj
c:\users\me\pbrt\src\ext\openexr\ilmbase\ilmthread\ilmthread.dir\release\ilmthreadpool.obj
c:\users\me\pbrt\src\ext\openexr\ilmbase\ilmthread\ilmthread.dir\release\ilmthreadmutexposix.obj
c:\users\me\pbrt\src\ext\openexr\ilmbase\ilmthread\ilmthread.dir\release\ilmthreadmutex.obj
c:\users\me\pbrt\src\ext\openexr\ilmbase\ilmthread\ilmthread.dir\release\ilmthread.obj
c:\users\me\pbrt\src\ext\openexr\ilmbase\ilmthread\cmakefiles\generate.stamp
c:\users\me\pbrt\src\ext\openexr\ilmbase\ilmthread\release\ilmthread.lib
c:\users\me\pbrt\src\ext\openexr\ilmbase\ilmthread\ilmthread.dir\release\ilmthread.tlog\cl.command.1.tlog
c:\users\me\pbrt\src\ext\openexr\ilmbase\ilmthread\ilmthread.dir\release\ilmthread.tlog\cl.read.1.tlog
c:\users\me\pbrt\src\ext\openexr\ilmbase\ilmthread\ilmthread.dir\release\ilmthread.tlog\cl.write.1.tlog
c:\users\me\pbrt\src\ext\openexr\ilmbase\ilmthread\ilmthread.dir\release\ilmthread.tlog\custombuild.command.1.tlog
c:\users\me\pbrt\src\ext\openexr\ilmbase\ilmthread\ilmthread.dir\release\ilmthread.tlog\custombuild.read.1.tlog
c:\users\me\pbrt\src\ext\openexr\ilmbase\ilmthread\ilmthread.dir\release\ilmthread.tlog\custombuild.write.1.tlog
c:\users\me\pbrt\src\ext\openexr\ilmbase\ilmthread\ilmthread.dir\release\ilmthread.tlog\lib-link.read.1.tlog
c:\users\me\pbrt\src\ext\openexr\ilmbase\ilmthread\ilmthread.dir\release\ilmthread.tlog\lib-link.write.1.tlog
c:\users\me\pbrt\src\ext\openexr\ilmbase\ilmthread\ilmthread.dir\release\ilmthread.tlog\lib.command.1.tlog
