c:\users\me\pbrt\src\ext\ptex\src\ptex\ptex_dynamic.dir\debug\vc141.pdb
c:\users\me\pbrt\src\ext\ptex\src\ptex\ptex_dynamic.dir\debug\ptexwriter.obj
c:\users\me\pbrt\src\ext\ptex\src\ptex\ptex_dynamic.dir\debug\ptexutils.obj
c:\users\me\pbrt\src\ext\ptex\src\ptex\ptex_dynamic.dir\debug\ptextrianglekernel.obj
c:\users\me\pbrt\src\ext\ptex\src\ptex\ptex_dynamic.dir\debug\ptextrianglefilter.obj
c:\users\me\pbrt\src\ext\ptex\src\ptex\ptex_dynamic.dir\debug\ptexseparablekernel.obj
c:\users\me\pbrt\src\ext\ptex\src\ptex\ptex_dynamic.dir\debug\ptexseparablefilter.obj
c:\users\me\pbrt\src\ext\ptex\src\ptex\ptex_dynamic.dir\debug\ptexreader.obj
c:\users\me\pbrt\src\ext\ptex\src\ptex\ptex_dynamic.dir\debug\ptexhalf.obj
c:\users\me\pbrt\src\ext\ptex\src\ptex\ptex_dynamic.dir\debug\ptexfilters.obj
c:\users\me\pbrt\src\ext\ptex\src\ptex\ptex_dynamic.dir\debug\ptexcache.obj
c:\users\me\pbrt\src\ext\ptex\src\ptex\cmakefiles\generate.stamp
c:\users\me\pbrt\src\ext\ptex\src\ptex\debug\ptex.ilk
c:\users\me\pbrt\src\ext\ptex\src\ptex\debug\ptex.dll
c:\users\me\pbrt\src\ext\ptex\src\ptex\debug\ptex.pdb
c:\users\me\pbrt\src\ext\ptex\src\ptex\ptex_dynamic.dir\debug\ptex_dynamic.tlog\cl.command.1.tlog
c:\users\me\pbrt\src\ext\ptex\src\ptex\ptex_dynamic.dir\debug\ptex_dynamic.tlog\cl.read.1.tlog
c:\users\me\pbrt\src\ext\ptex\src\ptex\ptex_dynamic.dir\debug\ptex_dynamic.tlog\cl.write.1.tlog
c:\users\me\pbrt\src\ext\ptex\src\ptex\ptex_dynamic.dir\debug\ptex_dynamic.tlog\custombuild.command.1.tlog
c:\users\me\pbrt\src\ext\ptex\src\ptex\ptex_dynamic.dir\debug\ptex_dynamic.tlog\custombuild.read.1.tlog
c:\users\me\pbrt\src\ext\ptex\src\ptex\ptex_dynamic.dir\debug\ptex_dynamic.tlog\custombuild.write.1.tlog
c:\users\me\pbrt\src\ext\ptex\src\ptex\ptex_dynamic.dir\debug\ptex_dynamic.tlog\link.command.1.tlog
c:\users\me\pbrt\src\ext\ptex\src\ptex\ptex_dynamic.dir\debug\ptex_dynamic.tlog\link.read.1.tlog
c:\users\me\pbrt\src\ext\ptex\src\ptex\ptex_dynamic.dir\debug\ptex_dynamic.tlog\link.write.1.tlog
c:\users\me\pbrt\src\ext\ptex\src\ptex\ptex_dynamic.dir\debug\ptex_dynamic.tlog\ptex_dynamic.write.1u.tlog
