c:\users\me\pbrt\src\ext\zlib\zlibstatic.dir\debug\zlibstatic.pdb
c:\users\me\pbrt\src\ext\zlib\zlibstatic.dir\debug\zutil.obj
c:\users\me\pbrt\src\ext\zlib\zlibstatic.dir\debug\uncompr.obj
c:\users\me\pbrt\src\ext\zlib\zlibstatic.dir\debug\trees.obj
c:\users\me\pbrt\src\ext\zlib\zlibstatic.dir\debug\inffast.obj
c:\users\me\pbrt\src\ext\zlib\zlibstatic.dir\debug\inftrees.obj
c:\users\me\pbrt\src\ext\zlib\zlibstatic.dir\debug\infback.obj
c:\users\me\pbrt\src\ext\zlib\zlibstatic.dir\debug\inflate.obj
c:\users\me\pbrt\src\ext\zlib\zlibstatic.dir\debug\gzwrite.obj
c:\users\me\pbrt\src\ext\zlib\zlibstatic.dir\debug\gzread.obj
c:\users\me\pbrt\src\ext\zlib\zlibstatic.dir\debug\gzlib.obj
c:\users\me\pbrt\src\ext\zlib\zlibstatic.dir\debug\gzclose.obj
c:\users\me\pbrt\src\ext\zlib\zlibstatic.dir\debug\deflate.obj
c:\users\me\pbrt\src\ext\zlib\zlibstatic.dir\debug\crc32.obj
c:\users\me\pbrt\src\ext\zlib\zlibstatic.dir\debug\compress.obj
c:\users\me\pbrt\src\ext\zlib\zlibstatic.dir\debug\adler32.obj
c:\users\me\pbrt\src\ext\zlib\cmakefiles\generate.stamp
c:\users\me\pbrt\src\ext\zlib\debug\zlibstatic.lib
c:\users\me\pbrt\src\ext\zlib\debug\zlibstatic.pdb
c:\users\me\pbrt\src\ext\zlib\zlibstatic.dir\debug\zlibstatic.tlog\cl.command.1.tlog
c:\users\me\pbrt\src\ext\zlib\zlibstatic.dir\debug\zlibstatic.tlog\cl.read.1.tlog
c:\users\me\pbrt\src\ext\zlib\zlibstatic.dir\debug\zlibstatic.tlog\cl.write.1.tlog
c:\users\me\pbrt\src\ext\zlib\zlibstatic.dir\debug\zlibstatic.tlog\custombuild.command.1.tlog
c:\users\me\pbrt\src\ext\zlib\zlibstatic.dir\debug\zlibstatic.tlog\custombuild.read.1.tlog
c:\users\me\pbrt\src\ext\zlib\zlibstatic.dir\debug\zlibstatic.tlog\custombuild.write.1.tlog
c:\users\me\pbrt\src\ext\zlib\zlibstatic.dir\debug\zlibstatic.tlog\lib-link.read.1.tlog
c:\users\me\pbrt\src\ext\zlib\zlibstatic.dir\debug\zlibstatic.tlog\lib-link.write.1.tlog
c:\users\me\pbrt\src\ext\zlib\zlibstatic.dir\debug\zlibstatic.tlog\lib.command.1.tlog
