c:\users\me\pbrt\src\ext\ptex\src\ptex\ptex_static.dir\release\ptexwriter.obj
c:\users\me\pbrt\src\ext\ptex\src\ptex\ptex_static.dir\release\ptexutils.obj
c:\users\me\pbrt\src\ext\ptex\src\ptex\ptex_static.dir\release\ptextrianglekernel.obj
c:\users\me\pbrt\src\ext\ptex\src\ptex\ptex_static.dir\release\ptextrianglefilter.obj
c:\users\me\pbrt\src\ext\ptex\src\ptex\ptex_static.dir\release\ptexseparablekernel.obj
c:\users\me\pbrt\src\ext\ptex\src\ptex\ptex_static.dir\release\ptexseparablefilter.obj
c:\users\me\pbrt\src\ext\ptex\src\ptex\ptex_static.dir\release\ptexreader.obj
c:\users\me\pbrt\src\ext\ptex\src\ptex\ptex_static.dir\release\ptexhalf.obj
c:\users\me\pbrt\src\ext\ptex\src\ptex\ptex_static.dir\release\ptexfilters.obj
c:\users\me\pbrt\src\ext\ptex\src\ptex\ptex_static.dir\release\ptexcache.obj
c:\users\me\pbrt\src\ext\ptex\src\ptex\cmakefiles\generate.stamp
c:\users\me\pbrt\src\ext\ptex\src\ptex\release\ptex.lib
c:\users\me\pbrt\src\ext\ptex\src\ptex\ptex_static.dir\release\ptex_static.tlog\cl.command.1.tlog
c:\users\me\pbrt\src\ext\ptex\src\ptex\ptex_static.dir\release\ptex_static.tlog\cl.read.1.tlog
c:\users\me\pbrt\src\ext\ptex\src\ptex\ptex_static.dir\release\ptex_static.tlog\cl.write.1.tlog
c:\users\me\pbrt\src\ext\ptex\src\ptex\ptex_static.dir\release\ptex_static.tlog\custombuild.command.1.tlog
c:\users\me\pbrt\src\ext\ptex\src\ptex\ptex_static.dir\release\ptex_static.tlog\custombuild.read.1.tlog
c:\users\me\pbrt\src\ext\ptex\src\ptex\ptex_static.dir\release\ptex_static.tlog\custombuild.write.1.tlog
c:\users\me\pbrt\src\ext\ptex\src\ptex\ptex_static.dir\release\ptex_static.tlog\lib-link.read.1.tlog
c:\users\me\pbrt\src\ext\ptex\src\ptex\ptex_static.dir\release\ptex_static.tlog\lib-link.write.1.tlog
c:\users\me\pbrt\src\ext\ptex\src\ptex\ptex_static.dir\release\ptex_static.tlog\lib.command.1.tlog
