c:\users\me\pbrt\src\ext\glog\glog.dir\debug\glog.pdb
c:\users\me\pbrt\src\ext\glog\glog.dir\debug\vlog_is_on.obj
c:\users\me\pbrt\src\ext\glog\glog.dir\debug\utilities.obj
c:\users\me\pbrt\src\ext\glog\glog.dir\debug\symbolize.obj
c:\users\me\pbrt\src\ext\glog\glog.dir\debug\raw_logging.obj
c:\users\me\pbrt\src\ext\glog\glog.dir\debug\logging.obj
c:\users\me\pbrt\src\ext\glog\glog.dir\debug\demangle.obj
c:\users\me\pbrt\src\ext\glog\glog.dir\debug\port.obj
c:\users\me\pbrt\src\ext\glog\cmakefiles\generate.stamp
c:\users\me\pbrt\src\ext\glog\debug\glog.lib
c:\users\me\pbrt\src\ext\glog\debug\glog.pdb
c:\users\me\pbrt\src\ext\glog\glog.dir\debug\glog.tlog\cl.command.1.tlog
c:\users\me\pbrt\src\ext\glog\glog.dir\debug\glog.tlog\cl.read.1.tlog
c:\users\me\pbrt\src\ext\glog\glog.dir\debug\glog.tlog\cl.write.1.tlog
c:\users\me\pbrt\src\ext\glog\glog.dir\debug\glog.tlog\custombuild.command.1.tlog
c:\users\me\pbrt\src\ext\glog\glog.dir\debug\glog.tlog\custombuild.read.1.tlog
c:\users\me\pbrt\src\ext\glog\glog.dir\debug\glog.tlog\custombuild.write.1.tlog
c:\users\me\pbrt\src\ext\glog\glog.dir\debug\glog.tlog\lib-link.read.1.tlog
c:\users\me\pbrt\src\ext\glog\glog.dir\debug\glog.tlog\lib-link.write.1.tlog
c:\users\me\pbrt\src\ext\glog\glog.dir\debug\glog.tlog\lib.command.1.tlog
