c:\users\me\pbrt\src\ext\openexr\ilmbase\ilmthread\ilmthread.dir\debug\ilmthread.pdb
c:\users\me\pbrt\src\ext\openexr\ilmbase\ilmthread\ilmthread.dir\debug\ilmthreadwin32.obj
c:\users\me\pbrt\src\ext\openexr\ilmbase\ilmthread\ilmthread.dir\debug\ilmthreadsemaphorewin32.obj
c:\users\me\pbrt\src\ext\openexr\ilmbase\ilmthread\ilmthread.dir\debug\ilmthreadmutexwin32.obj
c:\users\me\pbrt\src\ext\openexr\ilmbase\ilmthread\ilmthread.dir\debug\ilmthreadsemaphoreposix.obj
c:\users\me\pbrt\src\ext\openexr\ilmbase\ilmthread\ilmthread.dir\debug\ilmthreadsemaphoreposixcompat.obj
c:\users\me\pbrt\src\ext\openexr\ilmbase\ilmthread\ilmthread.dir\debug\ilmthreadsemaphore.obj
c:\users\me\pbrt\src\ext\openexr\ilmbase\ilmthread\ilmthread.dir\debug\ilmthreadposix.obj
c:\users\me\pbrt\src\ext\openexr\ilmbase\ilmthread\ilmthread.dir\debug\ilmthreadpool.obj
c:\users\me\pbrt\src\ext\openexr\ilmbase\ilmthread\ilmthread.dir\debug\ilmthreadmutexposix.obj
c:\users\me\pbrt\src\ext\openexr\ilmbase\ilmthread\ilmthread.dir\debug\ilmthreadmutex.obj
c:\users\me\pbrt\src\ext\openexr\ilmbase\ilmthread\ilmthread.dir\debug\ilmthread.obj
c:\users\me\pbrt\src\ext\openexr\ilmbase\ilmthread\cmakefiles\generate.stamp
c:\users\me\pbrt\src\ext\openexr\ilmbase\ilmthread\debug\ilmthread.lib
c:\users\me\pbrt\src\ext\openexr\ilmbase\ilmthread\debug\ilmthread.pdb
c:\users\me\pbrt\src\ext\openexr\ilmbase\ilmthread\ilmthread.dir\debug\ilmthread.tlog\cl.command.1.tlog
c:\users\me\pbrt\src\ext\openexr\ilmbase\ilmthread\ilmthread.dir\debug\ilmthread.tlog\cl.read.1.tlog
c:\users\me\pbrt\src\ext\openexr\ilmbase\ilmthread\ilmthread.dir\debug\ilmthread.tlog\cl.write.1.tlog
c:\users\me\pbrt\src\ext\openexr\ilmbase\ilmthread\ilmthread.dir\debug\ilmthread.tlog\custombuild.command.1.tlog
c:\users\me\pbrt\src\ext\openexr\ilmbase\ilmthread\ilmthread.dir\debug\ilmthread.tlog\custombuild.read.1.tlog
c:\users\me\pbrt\src\ext\openexr\ilmbase\ilmthread\ilmthread.dir\debug\ilmthread.tlog\custombuild.write.1.tlog
c:\users\me\pbrt\src\ext\openexr\ilmbase\ilmthread\ilmthread.dir\debug\ilmthread.tlog\lib-link.read.1.tlog
c:\users\me\pbrt\src\ext\openexr\ilmbase\ilmthread\ilmthread.dir\debug\ilmthread.tlog\lib-link.write.1.tlog
c:\users\me\pbrt\src\ext\openexr\ilmbase\ilmthread\ilmthread.dir\debug\ilmthread.tlog\lib.command.1.tlog
